Assembler report for AlarmSystem
Tue Nov 26 16:13:42 2019
Quartus II 64-Bit Version 15.0.2 Build 153 07/15/2015 SJ Full Version


---------------------
; Table of Contents ;
---------------------
  1. Legal Notice
  2. Assembler Summary
  3. Assembler Settings
  4. Assembler Generated Files
  5. Assembler Device Options: E:/ENSC 252/Labs/Lab 8/output_files/AlarmSystem.sof
  6. Assembler Messages



----------------
; Legal Notice ;
----------------
Copyright (C) 1991-2015 Altera Corporation. All rights reserved.
Your use of Altera Corporation's design tools, logic functions 
and other software and tools, and its AMPP partner logic 
functions, and any output files from any of the foregoing 
(including device programming or simulation files), and any 
associated documentation or information are expressly subject 
to the terms and conditions of the Altera Program License 
Subscription Agreement, the Altera Quartus II License Agreement,
the Altera MegaCore Function License Agreement, or other 
applicable license agreement, including, without limitation, 
that your use is for the sole purpose of programming logic 
devices manufactured by Altera and sold by Altera or its 
authorized distributors.  Please refer to the applicable 
agreement for further details.



+---------------------------------------------------------------+
; Assembler Summary                                             ;
+-----------------------+---------------------------------------+
; Assembler Status      ; Successful - Tue Nov 26 16:13:42 2019 ;
; Revision Name         ; AlarmSystem                           ;
; Top-level Entity Name ; AlarmSystem                           ;
; Family                ; Cyclone IV E                          ;
; Device                ; EP4CE115F29C7                         ;
+-----------------------+---------------------------------------+


+----------------------------------+
; Assembler Settings               ;
+--------+---------+---------------+
; Option ; Setting ; Default Value ;
+--------+---------+---------------+


+-----------------------------------------------------+
; Assembler Generated Files                           ;
+-----------------------------------------------------+
; File Name                                           ;
+-----------------------------------------------------+
; E:/ENSC 252/Labs/Lab 8/output_files/AlarmSystem.sof ;
+-----------------------------------------------------+


+-------------------------------------------------------------------------------+
; Assembler Device Options: E:/ENSC 252/Labs/Lab 8/output_files/AlarmSystem.sof ;
+----------------+--------------------------------------------------------------+
; Option         ; Setting                                                      ;
+----------------+--------------------------------------------------------------+
; Device         ; EP4CE115F29C7                                                ;
; JTAG usercode  ; 0x0056A86A                                                   ;
; Checksum       ; 0x0056A86A                                                   ;
+----------------+--------------------------------------------------------------+


+--------------------+
; Assembler Messages ;
+--------------------+
Info: *******************************************************************
Info: Running Quartus II 64-Bit Assembler
    Info: Version 15.0.2 Build 153 07/15/2015 SJ Full Version
    Info: Processing started: Tue Nov 26 16:13:35 2019
Info: Command: quartus_asm --read_settings_files=off --write_settings_files=off AlarmSystem -c AlarmSystem
Info (115031): Writing out detailed assembly data for power analysis
Info (115030): Assembler is generating device programming files
Info: Quartus II 64-Bit Assembler was successful. 0 errors, 0 warnings
    Info: Peak virtual memory: 632 megabytes
    Info: Processing ended: Tue Nov 26 16:13:42 2019
    Info: Elapsed time: 00:00:07
    Info: Total CPU time (on all processors): 00:00:04


