Analysis & Synthesis report for AlarmSystem
Tue Nov 26 16:13:06 2019
Quartus II 64-Bit Version 15.0.2 Build 153 07/15/2015 SJ Full Version


---------------------
; Table of Contents ;
---------------------
  1. Legal Notice
  2. Analysis & Synthesis Summary
  3. Analysis & Synthesis Settings
  4. Parallel Compilation
  5. Analysis & Synthesis Source Files Read
  6. Analysis & Synthesis Resource Usage Summary
  7. Analysis & Synthesis Resource Utilization by Entity
  8. State Machine - |AlarmSystem|DisarmSystem:obj1|CS
  9. User-Specified and Inferred Latches
 10. General Register Statistics
 11. Post-Synthesis Netlist Statistics for Top Partition
 12. Elapsed Time Per Partition
 13. Analysis & Synthesis Messages



----------------
; Legal Notice ;
----------------
Copyright (C) 1991-2015 Altera Corporation. All rights reserved.
Your use of Altera Corporation's design tools, logic functions 
and other software and tools, and its AMPP partner logic 
functions, and any output files from any of the foregoing 
(including device programming or simulation files), and any 
associated documentation or information are expressly subject 
to the terms and conditions of the Altera Program License 
Subscription Agreement, the Altera Quartus II License Agreement,
the Altera MegaCore Function License Agreement, or other 
applicable license agreement, including, without limitation, 
that your use is for the sole purpose of programming logic 
devices manufactured by Altera and sold by Altera or its 
authorized distributors.  Please refer to the applicable 
agreement for further details.



+----------------------------------------------------------------------------------+
; Analysis & Synthesis Summary                                                     ;
+------------------------------------+---------------------------------------------+
; Analysis & Synthesis Status        ; Successful - Tue Nov 26 16:13:06 2019       ;
; Quartus II 64-Bit Version          ; 15.0.2 Build 153 07/15/2015 SJ Full Version ;
; Revision Name                      ; AlarmSystem                                 ;
; Top-level Entity Name              ; AlarmSystem                                 ;
; Family                             ; Cyclone IV E                                ;
; Total logic elements               ; 36                                          ;
;     Total combinational functions  ; 36                                          ;
;     Dedicated logic registers      ; 30                                          ;
; Total registers                    ; 30                                          ;
; Total pins                         ; 95                                          ;
; Total virtual pins                 ; 0                                           ;
; Total memory bits                  ; 0                                           ;
; Embedded Multiplier 9-bit elements ; 0                                           ;
; Total PLLs                         ; 0                                           ;
+------------------------------------+---------------------------------------------+


+----------------------------------------------------------------------------------------------------------------------+
; Analysis & Synthesis Settings                                                                                        ;
+----------------------------------------------------------------------------+--------------------+--------------------+
; Option                                                                     ; Setting            ; Default Value      ;
+----------------------------------------------------------------------------+--------------------+--------------------+
; Device                                                                     ; EP4CE115F29C7      ;                    ;
; Top-level entity name                                                      ; AlarmSystem        ; AlarmSystem        ;
; Family name                                                                ; Cyclone IV E       ; Cyclone V          ;
; Use smart compilation                                                      ; Off                ; Off                ;
; Enable parallel Assembler and TimeQuest Timing Analyzer during compilation ; On                 ; On                 ;
; Enable compact report table                                                ; Off                ; Off                ;
; Restructure Multiplexers                                                   ; Auto               ; Auto               ;
; Create Debugging Nodes for IP Cores                                        ; Off                ; Off                ;
; Preserve fewer node names                                                  ; On                 ; On                 ;
; Disable OpenCore Plus hardware evaluation                                  ; Off                ; Off                ;
; Verilog Version                                                            ; Verilog_2001       ; Verilog_2001       ;
; VHDL Version                                                               ; VHDL_1993          ; VHDL_1993          ;
; State Machine Processing                                                   ; Auto               ; Auto               ;
; Safe State Machine                                                         ; Off                ; Off                ;
; Extract Verilog State Machines                                             ; On                 ; On                 ;
; Extract VHDL State Machines                                                ; On                 ; On                 ;
; Ignore Verilog initial constructs                                          ; Off                ; Off                ;
; Iteration limit for constant Verilog loops                                 ; 5000               ; 5000               ;
; Iteration limit for non-constant Verilog loops                             ; 250                ; 250                ;
; Add Pass-Through Logic to Inferred RAMs                                    ; On                 ; On                 ;
; Infer RAMs from Raw Logic                                                  ; On                 ; On                 ;
; Parallel Synthesis                                                         ; On                 ; On                 ;
; DSP Block Balancing                                                        ; Auto               ; Auto               ;
; NOT Gate Push-Back                                                         ; On                 ; On                 ;
; Power-Up Don't Care                                                        ; On                 ; On                 ;
; Remove Redundant Logic Cells                                               ; Off                ; Off                ;
; Remove Duplicate Registers                                                 ; On                 ; On                 ;
; Ignore CARRY Buffers                                                       ; Off                ; Off                ;
; Ignore CASCADE Buffers                                                     ; Off                ; Off                ;
; Ignore GLOBAL Buffers                                                      ; Off                ; Off                ;
; Ignore ROW GLOBAL Buffers                                                  ; Off                ; Off                ;
; Ignore LCELL Buffers                                                       ; Off                ; Off                ;
; Ignore SOFT Buffers                                                        ; On                 ; On                 ;
; Limit AHDL Integers to 32 Bits                                             ; Off                ; Off                ;
; Optimization Technique                                                     ; Balanced           ; Balanced           ;
; Carry Chain Length                                                         ; 70                 ; 70                 ;
; Auto Carry Chains                                                          ; On                 ; On                 ;
; Auto Open-Drain Pins                                                       ; On                 ; On                 ;
; Perform WYSIWYG Primitive Resynthesis                                      ; Off                ; Off                ;
; Auto ROM Replacement                                                       ; On                 ; On                 ;
; Auto RAM Replacement                                                       ; On                 ; On                 ;
; Auto DSP Block Replacement                                                 ; On                 ; On                 ;
; Auto Shift Register Replacement                                            ; Auto               ; Auto               ;
; Allow Shift Register Merging across Hierarchies                            ; Auto               ; Auto               ;
; Auto Clock Enable Replacement                                              ; On                 ; On                 ;
; Strict RAM Replacement                                                     ; Off                ; Off                ;
; Allow Synchronous Control Signals                                          ; On                 ; On                 ;
; Force Use of Synchronous Clear Signals                                     ; Off                ; Off                ;
; Auto RAM Block Balancing                                                   ; On                 ; On                 ;
; Auto RAM to Logic Cell Conversion                                          ; Off                ; Off                ;
; Auto Resource Sharing                                                      ; Off                ; Off                ;
; Allow Any RAM Size For Recognition                                         ; Off                ; Off                ;
; Allow Any ROM Size For Recognition                                         ; Off                ; Off                ;
; Allow Any Shift Register Size For Recognition                              ; Off                ; Off                ;
; Use LogicLock Constraints during Resource Balancing                        ; On                 ; On                 ;
; Ignore translate_off and synthesis_off directives                          ; Off                ; Off                ;
; Timing-Driven Synthesis                                                    ; On                 ; On                 ;
; Report Parameter Settings                                                  ; On                 ; On                 ;
; Report Source Assignments                                                  ; On                 ; On                 ;
; Report Connectivity Checks                                                 ; On                 ; On                 ;
; Ignore Maximum Fan-Out Assignments                                         ; Off                ; Off                ;
; Synchronization Register Chain Length                                      ; 2                  ; 2                  ;
; PowerPlay Power Optimization During Synthesis                              ; Normal compilation ; Normal compilation ;
; HDL message level                                                          ; Level2             ; Level2             ;
; Suppress Register Optimization Related Messages                            ; Off                ; Off                ;
; Number of Removed Registers Reported in Synthesis Report                   ; 5000               ; 5000               ;
; Number of Swept Nodes Reported in Synthesis Report                         ; 5000               ; 5000               ;
; Number of Inverted Registers Reported in Synthesis Report                  ; 100                ; 100                ;
; Clock MUX Protection                                                       ; On                 ; On                 ;
; Auto Gated Clock Conversion                                                ; Off                ; Off                ;
; Block Design Naming                                                        ; Auto               ; Auto               ;
; SDC constraint protection                                                  ; Off                ; Off                ;
; Synthesis Effort                                                           ; Auto               ; Auto               ;
; Shift Register Replacement - Allow Asynchronous Clear Signal               ; On                 ; On                 ;
; Pre-Mapping Resynthesis Optimization                                       ; Off                ; Off                ;
; Analysis & Synthesis Message Level                                         ; Medium             ; Medium             ;
; Disable Register Merging Across Hierarchies                                ; Auto               ; Auto               ;
; Resource Aware Inference For Block RAM                                     ; On                 ; On                 ;
; Synthesis Seed                                                             ; 1                  ; 1                  ;
+----------------------------------------------------------------------------+--------------------+--------------------+


+------------------------------------------+
; Parallel Compilation                     ;
+----------------------------+-------------+
; Processors                 ; Number      ;
+----------------------------+-------------+
; Number detected on machine ; 8           ;
; Maximum allowed            ; 4           ;
;                            ;             ;
; Average used               ; 1.00        ;
; Maximum used               ; 1           ;
;                            ;             ;
; Usage by Processor         ; % Time Used ;
;     Processor 1            ; 100.0%      ;
;     Processors 2-8         ;   0.0%      ;
+----------------------------+-------------+


+--------------------------------------------------------------------------------------------------------------------------+
; Analysis & Synthesis Source Files Read                                                                                   ;
+----------------------------------+-----------------+-----------------+-----------------------------------------+---------+
; File Name with User-Entered Path ; Used in Netlist ; File Type       ; File Name with Absolute Path            ; Library ;
+----------------------------------+-----------------+-----------------+-----------------------------------------+---------+
; PreScale.vhd                     ; yes             ; User VHDL File  ; E:/ENSC 252/Labs/Lab 8/PreScale.vhd     ;         ;
; BlinkSystem.vhd                  ; yes             ; User VHDL File  ; E:/ENSC 252/Labs/Lab 8/BlinkSystem.vhd  ;         ;
; DisarmSystem.vhd                 ; yes             ; User VHDL File  ; E:/ENSC 252/Labs/Lab 8/DisarmSystem.vhd ;         ;
; AlarmSystem.vhd                  ; yes             ; User VHDL File  ; E:/ENSC 252/Labs/Lab 8/AlarmSystem.vhd  ;         ;
+----------------------------------+-----------------+-----------------+-----------------------------------------+---------+


+--------------------------------------------------------------+
; Analysis & Synthesis Resource Usage Summary                  ;
+---------------------------------------------+----------------+
; Resource                                    ; Usage          ;
+---------------------------------------------+----------------+
; Estimated Total logic elements              ; 36             ;
;                                             ;                ;
; Total combinational functions               ; 36             ;
; Logic element usage by number of LUT inputs ;                ;
;     -- 4 input functions                    ; 2              ;
;     -- 3 input functions                    ; 6              ;
;     -- <=2 input functions                  ; 28             ;
;                                             ;                ;
; Logic elements by mode                      ;                ;
;     -- normal mode                          ; 13             ;
;     -- arithmetic mode                      ; 23             ;
;                                             ;                ;
; Total registers                             ; 30             ;
;     -- Dedicated logic registers            ; 30             ;
;     -- I/O registers                        ; 0              ;
;                                             ;                ;
; I/O pins                                    ; 95             ;
;                                             ;                ;
; Embedded Multiplier 9-bit elements          ; 0              ;
;                                             ;                ;
; Maximum fan-out node                        ; CLOCK_50~input ;
; Maximum fan-out                             ; 25             ;
; Total fan-out                               ; 264            ;
; Average fan-out                             ; 1.03           ;
+---------------------------------------------+----------------+


+----------------------------------------------------------------------------------------------------------------------------------------------------------------------------------------+
; Analysis & Synthesis Resource Utilization by Entity                                                                                                                                    ;
+----------------------------+-------------------+--------------+-------------+--------------+---------+-----------+------+--------------+--------------------------------+--------------+
; Compilation Hierarchy Node ; LC Combinationals ; LC Registers ; Memory Bits ; DSP Elements ; DSP 9x9 ; DSP 18x18 ; Pins ; Virtual Pins ; Full Hierarchy Name            ; Library Name ;
+----------------------------+-------------------+--------------+-------------+--------------+---------+-----------+------+--------------+--------------------------------+--------------+
; |AlarmSystem               ; 36 (3)            ; 30 (0)       ; 0           ; 0            ; 0       ; 0         ; 95   ; 0            ; |AlarmSystem                   ; work         ;
;    |BlinkSystem:obj2|      ; 2 (2)             ; 1 (1)        ; 0           ; 0            ; 0       ; 0         ; 0    ; 0            ; |AlarmSystem|BlinkSystem:obj2  ; work         ;
;    |DisarmSystem:obj1|     ; 6 (6)             ; 4 (4)        ; 0           ; 0            ; 0       ; 0         ; 0    ; 0            ; |AlarmSystem|DisarmSystem:obj1 ; work         ;
;    |PreScale:obj4|         ; 25 (25)           ; 25 (25)      ; 0           ; 0            ; 0       ; 0         ; 0    ; 0            ; |AlarmSystem|PreScale:obj4     ; work         ;
+----------------------------+-------------------+--------------+-------------+--------------+---------+-----------+------+--------------+--------------------------------+--------------+
Note: For table entries with two numbers listed, the numbers in parentheses indicate the number of resources of the given type used by the specific entity alone. The numbers listed outside of parentheses indicate the total resources of the given type used by the specific entity and all of its sub-entities in the hierarchy.


Encoding Type:  One-Hot
+---------------------------------------------------+
; State Machine - |AlarmSystem|DisarmSystem:obj1|CS ;
+------+------+------+------+-----------------------+
; Name ; CS.D ; CS.C ; CS.B ; CS.A                  ;
+------+------+------+------+-----------------------+
; CS.A ; 0    ; 0    ; 0    ; 0                     ;
; CS.B ; 0    ; 0    ; 1    ; 1                     ;
; CS.C ; 0    ; 1    ; 0    ; 1                     ;
; CS.D ; 1    ; 0    ; 0    ; 1                     ;
+------+------+------+------+-----------------------+


+----------------------------------------------------------------------------------------------------+
; User-Specified and Inferred Latches                                                                ;
+-----------------------------------------------------+---------------------+------------------------+
; Latch Name                                          ; Latch Enable Signal ; Free of Timing Hazards ;
+-----------------------------------------------------+---------------------+------------------------+
; BlinkSystem:obj2|Seg3[1]                            ; VCC                 ; yes                    ;
; BlinkSystem:obj2|Seg3[2]                            ; VCC                 ; yes                    ;
; BlinkSystem:obj2|Seg3[4]                            ; VCC                 ; yes                    ;
; BlinkSystem:obj2|Seg3[5]                            ; VCC                 ; yes                    ;
; BlinkSystem:obj2|Seg3[6]                            ; VCC                 ; yes                    ;
; BlinkSystem:obj2|Seg2[0]                            ; VCC                 ; yes                    ;
; BlinkSystem:obj2|Seg2[3]                            ; VCC                 ; yes                    ;
; BlinkSystem:obj2|Seg2[4]                            ; VCC                 ; yes                    ;
; BlinkSystem:obj2|Seg2[5]                            ; VCC                 ; yes                    ;
; BlinkSystem:obj2|Seg2[6]                            ; VCC                 ; yes                    ;
; BlinkSystem:obj2|Seg1[3]                            ; VCC                 ; yes                    ;
; BlinkSystem:obj2|Seg1[4]                            ; VCC                 ; yes                    ;
; BlinkSystem:obj2|Seg1[5]                            ; VCC                 ; yes                    ;
; BlinkSystem:obj2|Seg0[0]                            ; VCC                 ; yes                    ;
; BlinkSystem:obj2|Seg0[1]                            ; VCC                 ; yes                    ;
; BlinkSystem:obj2|Seg0[4]                            ; VCC                 ; yes                    ;
; BlinkSystem:obj2|Seg0[5]                            ; VCC                 ; yes                    ;
; BlinkSystem:obj2|Seg0[6]                            ; VCC                 ; yes                    ;
; trigger                                             ; trigger             ; yes                    ;
; Number of user-specified and inferred latches = 19  ;                     ;                        ;
+-----------------------------------------------------+---------------------+------------------------+
Note: All latches listed above may not be present at the end of synthesis due to various synthesis optimizations.


+------------------------------------------------------+
; General Register Statistics                          ;
+----------------------------------------------+-------+
; Statistic                                    ; Value ;
+----------------------------------------------+-------+
; Total registers                              ; 30    ;
; Number of registers using Synchronous Clear  ; 0     ;
; Number of registers using Synchronous Load   ; 0     ;
; Number of registers using Asynchronous Clear ; 0     ;
; Number of registers using Asynchronous Load  ; 0     ;
; Number of registers using Clock Enable       ; 0     ;
; Number of registers using Preset             ; 0     ;
+----------------------------------------------+-------+


+-----------------------------------------------------+
; Post-Synthesis Netlist Statistics for Top Partition ;
+-----------------------+-----------------------------+
; Type                  ; Count                       ;
+-----------------------+-----------------------------+
; boundary_port         ; 95                          ;
; cycloneiii_ff         ; 30                          ;
;     plain             ; 30                          ;
; cycloneiii_lcell_comb ; 40                          ;
;     arith             ; 23                          ;
;         2 data inputs ; 22                          ;
;         3 data inputs ; 1                           ;
;     normal            ; 17                          ;
;         0 data inputs ; 2                           ;
;         1 data inputs ; 5                           ;
;         2 data inputs ; 3                           ;
;         3 data inputs ; 5                           ;
;         4 data inputs ; 2                           ;
;                       ;                             ;
; Max LUT depth         ; 3.30                        ;
; Average LUT depth     ; 2.24                        ;
+-----------------------+-----------------------------+


+-------------------------------+
; Elapsed Time Per Partition    ;
+----------------+--------------+
; Partition Name ; Elapsed Time ;
+----------------+--------------+
; Top            ; 00:00:01     ;
+----------------+--------------+


+-------------------------------+
; Analysis & Synthesis Messages ;
+-------------------------------+
Info: *******************************************************************
Info: Running Quartus II 64-Bit Analysis & Synthesis
    Info: Version 15.0.2 Build 153 07/15/2015 SJ Full Version
    Info: Processing started: Tue Nov 26 16:12:46 2019
Info: Command: quartus_map --read_settings_files=on --write_settings_files=off AlarmSystem -c AlarmSystem
Info (11104): Parallel Compilation has detected 8 hyper-threaded processors. However, the extra hyper-threaded processors will not be used by default. Parallel Compilation will use 4 of the 4 physical processors detected instead.
Info (12021): Found 2 design units, including 1 entities, in source file prescale.vhd
    Info (12022): Found design unit 1: Prescale-behavior
    Info (12023): Found entity 1: PreScale
Info (12021): Found 2 design units, including 1 entities, in source file blinksystem.vhd
    Info (12022): Found design unit 1: BlinkSystem-structural
    Info (12023): Found entity 1: BlinkSystem
Info (12021): Found 2 design units, including 1 entities, in source file testblinksystem.vhd
    Info (12022): Found design unit 1: TestBlinkSystem-structural
    Info (12023): Found entity 1: TestBlinkSystem
Info (12021): Found 2 design units, including 1 entities, in source file disarmsystem.vhd
    Info (12022): Found design unit 1: DisarmSystem-structural
    Info (12023): Found entity 1: DisarmSystem
Info (12021): Found 2 design units, including 1 entities, in source file testdisarm.vhd
    Info (12022): Found design unit 1: TestDisarm-structural
    Info (12023): Found entity 1: TestDisarm
Info (12021): Found 2 design units, including 1 entities, in source file alarmsystem.vhd
    Info (12022): Found design unit 1: AlarmSystem-structural
    Info (12023): Found entity 1: AlarmSystem
Info (12127): Elaborating entity "AlarmSystem" for the top level hierarchy
Warning (10812): VHDL warning at AlarmSystem.vhd(59): sensitivity list already contains SW
Warning (10631): VHDL Process Statement warning at AlarmSystem.vhd(59): inferring latch(es) for signal or variable "trigger", which holds its previous value in one or more paths through the process
Info (10041): Inferred latch for "trigger" at AlarmSystem.vhd(59)
Info (12128): Elaborating entity "PreScale" for hierarchy "PreScale:obj4"
Info (12128): Elaborating entity "DisarmSystem" for hierarchy "DisarmSystem:obj1"
Warning (10492): VHDL Process Statement warning at DisarmSystem.vhd(26): signal "w" is read inside the Process Statement but isn't in the Process Statement's sensitivity list
Warning (10492): VHDL Process Statement warning at DisarmSystem.vhd(32): signal "w" is read inside the Process Statement but isn't in the Process Statement's sensitivity list
Warning (10492): VHDL Process Statement warning at DisarmSystem.vhd(38): signal "w" is read inside the Process Statement but isn't in the Process Statement's sensitivity list
Warning (10492): VHDL Process Statement warning at DisarmSystem.vhd(44): signal "w" is read inside the Process Statement but isn't in the Process Statement's sensitivity list
Info (12128): Elaborating entity "BlinkSystem" for hierarchy "BlinkSystem:obj2"
Warning (10541): VHDL Signal Declaration warning at BlinkSystem.vhd(9): used implicit default value for signal "green" because signal was never assigned a value or an explicit default value. Use of implicit default value may introduce unintended design optimizations.
Warning (10541): VHDL Signal Declaration warning at BlinkSystem.vhd(10): used implicit default value for signal "red" because signal was never assigned a value or an explicit default value. Use of implicit default value may introduce unintended design optimizations.
Warning (10631): VHDL Process Statement warning at BlinkSystem.vhd(20): inferring latch(es) for signal or variable "Seg0", which holds its previous value in one or more paths through the process
Warning (10631): VHDL Process Statement warning at BlinkSystem.vhd(20): inferring latch(es) for signal or variable "Seg1", which holds its previous value in one or more paths through the process
Warning (10631): VHDL Process Statement warning at BlinkSystem.vhd(20): inferring latch(es) for signal or variable "Seg2", which holds its previous value in one or more paths through the process
Warning (10631): VHDL Process Statement warning at BlinkSystem.vhd(20): inferring latch(es) for signal or variable "Seg3", which holds its previous value in one or more paths through the process
Info (10041): Inferred latch for "Seg3[0]" at BlinkSystem.vhd(20)
Info (10041): Inferred latch for "Seg3[1]" at BlinkSystem.vhd(20)
Info (10041): Inferred latch for "Seg3[2]" at BlinkSystem.vhd(20)
Info (10041): Inferred latch for "Seg3[3]" at BlinkSystem.vhd(20)
Info (10041): Inferred latch for "Seg3[4]" at BlinkSystem.vhd(20)
Info (10041): Inferred latch for "Seg3[5]" at BlinkSystem.vhd(20)
Info (10041): Inferred latch for "Seg3[6]" at BlinkSystem.vhd(20)
Info (10041): Inferred latch for "Seg2[0]" at BlinkSystem.vhd(20)
Info (10041): Inferred latch for "Seg2[1]" at BlinkSystem.vhd(20)
Info (10041): Inferred latch for "Seg2[2]" at BlinkSystem.vhd(20)
Info (10041): Inferred latch for "Seg2[3]" at BlinkSystem.vhd(20)
Info (10041): Inferred latch for "Seg2[4]" at BlinkSystem.vhd(20)
Info (10041): Inferred latch for "Seg2[5]" at BlinkSystem.vhd(20)
Info (10041): Inferred latch for "Seg2[6]" at BlinkSystem.vhd(20)
Info (10041): Inferred latch for "Seg1[0]" at BlinkSystem.vhd(20)
Info (10041): Inferred latch for "Seg1[1]" at BlinkSystem.vhd(20)
Info (10041): Inferred latch for "Seg1[2]" at BlinkSystem.vhd(20)
Info (10041): Inferred latch for "Seg1[3]" at BlinkSystem.vhd(20)
Info (10041): Inferred latch for "Seg1[4]" at BlinkSystem.vhd(20)
Info (10041): Inferred latch for "Seg1[5]" at BlinkSystem.vhd(20)
Info (10041): Inferred latch for "Seg1[6]" at BlinkSystem.vhd(20)
Info (10041): Inferred latch for "Seg0[0]" at BlinkSystem.vhd(20)
Info (10041): Inferred latch for "Seg0[1]" at BlinkSystem.vhd(20)
Info (10041): Inferred latch for "Seg0[2]" at BlinkSystem.vhd(20)
Info (10041): Inferred latch for "Seg0[3]" at BlinkSystem.vhd(20)
Info (10041): Inferred latch for "Seg0[4]" at BlinkSystem.vhd(20)
Info (10041): Inferred latch for "Seg0[5]" at BlinkSystem.vhd(20)
Info (10041): Inferred latch for "Seg0[6]" at BlinkSystem.vhd(20)
Info (13025): Duplicate LATCH primitives merged into single LATCH primitive
    Info (13026): Duplicate LATCH primitive "BlinkSystem:obj2|Seg3[2]" merged with LATCH primitive "BlinkSystem:obj2|Seg3[1]"
    Info (13026): Duplicate LATCH primitive "BlinkSystem:obj2|Seg3[4]" merged with LATCH primitive "BlinkSystem:obj2|Seg3[1]"
    Info (13026): Duplicate LATCH primitive "BlinkSystem:obj2|Seg3[5]" merged with LATCH primitive "BlinkSystem:obj2|Seg3[1]"
    Info (13026): Duplicate LATCH primitive "BlinkSystem:obj2|Seg3[6]" merged with LATCH primitive "BlinkSystem:obj2|Seg3[1]"
    Info (13026): Duplicate LATCH primitive "BlinkSystem:obj2|Seg2[0]" merged with LATCH primitive "BlinkSystem:obj2|Seg3[1]"
    Info (13026): Duplicate LATCH primitive "BlinkSystem:obj2|Seg2[3]" merged with LATCH primitive "BlinkSystem:obj2|Seg3[1]"
    Info (13026): Duplicate LATCH primitive "BlinkSystem:obj2|Seg2[4]" merged with LATCH primitive "BlinkSystem:obj2|Seg3[1]"
    Info (13026): Duplicate LATCH primitive "BlinkSystem:obj2|Seg2[5]" merged with LATCH primitive "BlinkSystem:obj2|Seg3[1]"
    Info (13026): Duplicate LATCH primitive "BlinkSystem:obj2|Seg2[6]" merged with LATCH primitive "BlinkSystem:obj2|Seg3[1]"
    Info (13026): Duplicate LATCH primitive "BlinkSystem:obj2|Seg1[3]" merged with LATCH primitive "BlinkSystem:obj2|Seg3[1]"
    Info (13026): Duplicate LATCH primitive "BlinkSystem:obj2|Seg1[4]" merged with LATCH primitive "BlinkSystem:obj2|Seg3[1]"
    Info (13026): Duplicate LATCH primitive "BlinkSystem:obj2|Seg1[5]" merged with LATCH primitive "BlinkSystem:obj2|Seg3[1]"
    Info (13026): Duplicate LATCH primitive "BlinkSystem:obj2|Seg0[0]" merged with LATCH primitive "BlinkSystem:obj2|Seg3[1]"
    Info (13026): Duplicate LATCH primitive "BlinkSystem:obj2|Seg0[1]" merged with LATCH primitive "BlinkSystem:obj2|Seg3[1]"
    Info (13026): Duplicate LATCH primitive "BlinkSystem:obj2|Seg0[4]" merged with LATCH primitive "BlinkSystem:obj2|Seg3[1]"
    Info (13026): Duplicate LATCH primitive "BlinkSystem:obj2|Seg0[5]" merged with LATCH primitive "BlinkSystem:obj2|Seg3[1]"
    Info (13026): Duplicate LATCH primitive "BlinkSystem:obj2|Seg0[6]" merged with LATCH primitive "BlinkSystem:obj2|Seg3[1]"
Warning (13012): Latch trigger has unsafe behavior
    Warning (13013): Ports D and ENA on the latch are fed by the same signal SW[0]
Warning (13024): Output pins are stuck at VCC or GND
    Warning (13410): Pin "HEX7[0]" is stuck at VCC
    Warning (13410): Pin "HEX7[3]" is stuck at VCC
    Warning (13410): Pin "HEX6[1]" is stuck at VCC
    Warning (13410): Pin "HEX6[2]" is stuck at VCC
    Warning (13410): Pin "HEX5[0]" is stuck at VCC
    Warning (13410): Pin "HEX5[1]" is stuck at VCC
    Warning (13410): Pin "HEX5[2]" is stuck at VCC
    Warning (13410): Pin "HEX5[6]" is stuck at VCC
    Warning (13410): Pin "HEX4[2]" is stuck at VCC
    Warning (13410): Pin "HEX4[3]" is stuck at VCC
    Warning (13410): Pin "LEDG[0]" is stuck at GND
    Warning (13410): Pin "LEDG[1]" is stuck at GND
    Warning (13410): Pin "LEDG[2]" is stuck at GND
    Warning (13410): Pin "LEDG[3]" is stuck at GND
    Warning (13410): Pin "LEDG[4]" is stuck at GND
    Warning (13410): Pin "LEDG[5]" is stuck at GND
    Warning (13410): Pin "LEDG[6]" is stuck at GND
    Warning (13410): Pin "LEDG[7]" is stuck at GND
    Warning (13410): Pin "LEDR[0]" is stuck at GND
    Warning (13410): Pin "LEDR[1]" is stuck at GND
    Warning (13410): Pin "LEDR[2]" is stuck at GND
    Warning (13410): Pin "LEDR[3]" is stuck at GND
    Warning (13410): Pin "LEDR[4]" is stuck at GND
    Warning (13410): Pin "LEDR[5]" is stuck at GND
    Warning (13410): Pin "LEDR[6]" is stuck at GND
    Warning (13410): Pin "LEDR[7]" is stuck at GND
    Warning (13410): Pin "LEDR[8]" is stuck at GND
    Warning (13410): Pin "LEDR[9]" is stuck at GND
    Warning (13410): Pin "LEDR[10]" is stuck at GND
    Warning (13410): Pin "LEDR[11]" is stuck at GND
    Warning (13410): Pin "LEDR[12]" is stuck at GND
    Warning (13410): Pin "LEDR[13]" is stuck at GND
    Warning (13410): Pin "LEDR[14]" is stuck at GND
    Warning (13410): Pin "LEDR[15]" is stuck at GND
    Warning (13410): Pin "LEDR[16]" is stuck at GND
    Warning (13410): Pin "LEDR[17]" is stuck at GND
    Warning (13410): Pin "HEX0[2]" is stuck at VCC
    Warning (13410): Pin "HEX0[5]" is stuck at VCC
    Warning (13410): Pin "HEX1[0]" is stuck at VCC
    Warning (13410): Pin "HEX1[3]" is stuck at VCC
    Warning (13410): Pin "HEX1[4]" is stuck at VCC
    Warning (13410): Pin "HEX1[5]" is stuck at VCC
    Warning (13410): Pin "HEX1[6]" is stuck at VCC
    Warning (13410): Pin "HEX2[4]" is stuck at VCC
    Warning (13410): Pin "HEX2[5]" is stuck at VCC
Info (286030): Timing-Driven Synthesis is running
Info (16010): Generating hard_block partition "hard_block:auto_generated_inst"
    Info (16011): Adding 0 node(s), including 0 DDIO, 0 PLL, 0 transceiver and 0 LCELL
Warning (21074): Design contains 12 input pin(s) that do not drive logic
    Warning (15610): No output dependent on input pin "SW[3]"
    Warning (15610): No output dependent on input pin "SW[4]"
    Warning (15610): No output dependent on input pin "SW[5]"
    Warning (15610): No output dependent on input pin "SW[6]"
    Warning (15610): No output dependent on input pin "SW[7]"
    Warning (15610): No output dependent on input pin "SW[8]"
    Warning (15610): No output dependent on input pin "SW[9]"
    Warning (15610): No output dependent on input pin "SW[10]"
    Warning (15610): No output dependent on input pin "SW[11]"
    Warning (15610): No output dependent on input pin "SW[12]"
    Warning (15610): No output dependent on input pin "SW[13]"
    Warning (15610): No output dependent on input pin "SW[14]"
Info (21057): Implemented 131 device resources after synthesis - the final resource count might be different
    Info (21058): Implemented 20 input pins
    Info (21059): Implemented 75 output pins
    Info (21061): Implemented 36 logic cells
Info: Quartus II 64-Bit Analysis & Synthesis was successful. 0 errors, 73 warnings
    Info: Peak virtual memory: 737 megabytes
    Info: Processing ended: Tue Nov 26 16:13:06 2019
    Info: Elapsed time: 00:00:20
    Info: Total CPU time (on all processors): 00:00:23


